<?xml version="1.0" encoding="UTF-8"?>
<!-- Generated by org.testng.reporters.JUnitReportReporter -->
<testsuite hostname="LH900442" name="com.saic.maven.test.InterfaceTest.CreditService.TestService" tests="1" failures="0" timestamp="14 Feb 2016 09:51:37 GMT" time="82.164" errors="0">
  <testcase name="TestNgLearn" time="82.164" classname="com.saic.maven.test.InterfaceTest.CreditService.TestService"/>
</testsuite> <!-- com.saic.maven.test.InterfaceTest.CreditService.TestService -->
