<?xml version="1.0" encoding="UTF-8"?>
<!-- Generated by org.testng.reporters.JUnitReportReporter -->
<testsuite hostname="LH900442" name="com.saic.InterfaceTest.CreditService.CreditTradeService" tests="1" failures="0" timestamp="24 Feb 2016 10:27:46 GMT" time="1.290" errors="0">
  <testcase name="creditAdd_all_ok" time="1.290" classname="com.saic.InterfaceTest.CreditService.CreditTradeService"/>
</testsuite> <!-- com.saic.InterfaceTest.CreditService.CreditTradeService -->
